<?xml version="1.0" encoding="UTF-8"?>
<!-- Generated by org.testng.reporters.JUnitReportReporter -->
<testsuite hostname="LAPTOP-GSBCM8VS" failures="0" tests="3" name="com.assign.qa.testcases.CountFlightsTest" time="17.122" errors="0" timestamp="22 Jul 2019 04:23:56 GMT" skipped="0">
  <testcase classname="com.assign.qa.testcases.CountFlightsTest" name="flightsCountNoFilterTest" time="10.568"/>
  <testcase classname="com.assign.qa.testcases.CountFlightsTest" name="flightsCountNonStopFilterTest" time="4.506"/>
  <testcase classname="com.assign.qa.testcases.CountFlightsTest" name="flightsCountOneStopFilterTest" time="2.048"/>
</testsuite> <!-- com.assign.qa.testcases.CountFlightsTest -->
