<?xml version="1.0" encoding="UTF-8"?>
<!-- Generated by org.testng.reporters.JUnitReportReporter -->
<testsuite hostname="LAPTOP-GSBCM8VS" failures="0" tests="1" name="com.assign.qa.testcases.SearchFlightsTest" time="5.453" errors="0" timestamp="22 Jul 2019 04:23:56 GMT" skipped="0">
  <testcase classname="com.assign.qa.testcases.SearchFlightsTest" name="searchForAFlight" time="5.453"/>
</testsuite> <!-- com.assign.qa.testcases.SearchFlightsTest -->
